  [1m[35m (0.1ms)[0m  [1m[34mSELECT sqlite_version(*)[0m
  ↳ bin/rails:9
  [1m[35m (336.8ms)[0m  [1m[35mCREATE TABLE "schema_migrations" ("version" varchar NOT NULL PRIMARY KEY)[0m
  ↳ bin/rails:9
  [1m[35m (22.2ms)[0m  [1m[35mCREATE TABLE "ar_internal_metadata" ("key" varchar NOT NULL PRIMARY KEY, "value" varchar, "created_at" datetime NOT NULL, "updated_at" datetime NOT NULL)[0m
  ↳ bin/rails:9
  [1m[35m (0.4ms)[0m  [1m[34mSELECT "schema_migrations"."version" FROM "schema_migrations" ORDER BY "schema_migrations"."version" ASC[0m
  ↳ bin/rails:9
  [1m[35m (0.3ms)[0m  [1m[34mSELECT "schema_migrations"."version" FROM "schema_migrations" ORDER BY "schema_migrations"."version" ASC[0m
  ↳ bin/rails:9
Migrating to CreateDogsitters (20200206125840)
  [1m[35m (0.1ms)[0m  [1m[36mbegin transaction[0m
  ↳ bin/rails:9
  [1m[35m (0.1ms)[0m  [1m[34mSELECT sqlite_version(*)[0m
  ↳ db/migrate/20200206125840_create_dogsitters.rb:3
  [1m[35m (2.7ms)[0m  [1m[35mCREATE TABLE "dogsitters" ("id" integer PRIMARY KEY AUTOINCREMENT NOT NULL, "first_name" varchar, "last_name" varchar, "city_id" integer, "created_at" datetime NOT NULL, "updated_at" datetime NOT NULL)[0m
  ↳ db/migrate/20200206125840_create_dogsitters.rb:3
  [1m[35m (0.1ms)[0m  [1m[35mCREATE  INDEX "index_dogsitters_on_city_id" ON "dogsitters" ("city_id")[0m
  ↳ db/migrate/20200206125840_create_dogsitters.rb:3
  [1m[36mActiveRecord::SchemaMigration Create (0.5ms)[0m  [1m[32mINSERT INTO "schema_migrations" ("version") VALUES (?)[0m  [["version", "20200206125840"]]
  ↳ bin/rails:9
  [1m[35m (149.6ms)[0m  [1m[36mcommit transaction[0m
  ↳ bin/rails:9
Migrating to CreateDogs (20200206125919)
  [1m[35m (0.1ms)[0m  [1m[36mbegin transaction[0m
  ↳ bin/rails:9
  [1m[35m (1.7ms)[0m  [1m[35mCREATE TABLE "dogs" ("id" integer PRIMARY KEY AUTOINCREMENT NOT NULL, "name" varchar, "city_id" integer, "created_at" datetime NOT NULL, "updated_at" datetime NOT NULL)[0m
  ↳ db/migrate/20200206125919_create_dogs.rb:3
  [1m[35m (0.1ms)[0m  [1m[35mCREATE  INDEX "index_dogs_on_city_id" ON "dogs" ("city_id")[0m
  ↳ db/migrate/20200206125919_create_dogs.rb:3
  [1m[36mActiveRecord::SchemaMigration Create (0.4ms)[0m  [1m[32mINSERT INTO "schema_migrations" ("version") VALUES (?)[0m  [["version", "20200206125919"]]
  ↳ bin/rails:9
  [1m[35m (93.0ms)[0m  [1m[36mcommit transaction[0m
  ↳ bin/rails:9
Migrating to CreateStrolls (20200206130028)
  [1m[35m (0.1ms)[0m  [1m[36mbegin transaction[0m
  ↳ bin/rails:9
  [1m[35m (70.5ms)[0m  [1m[35mCREATE TABLE "strolls" ("id" integer PRIMARY KEY AUTOINCREMENT NOT NULL, "dogsitter_id" integer, "dog_id" integer, "created_at" datetime NOT NULL, "updated_at" datetime NOT NULL)[0m
  ↳ db/migrate/20200206130028_create_strolls.rb:3
  [1m[35m (0.1ms)[0m  [1m[35mCREATE  INDEX "index_strolls_on_dogsitter_id" ON "strolls" ("dogsitter_id")[0m
  ↳ db/migrate/20200206130028_create_strolls.rb:3
  [1m[35m (0.1ms)[0m  [1m[35mCREATE  INDEX "index_strolls_on_dog_id" ON "strolls" ("dog_id")[0m
  ↳ db/migrate/20200206130028_create_strolls.rb:3
  [1m[36mActiveRecord::SchemaMigration Create (0.3ms)[0m  [1m[32mINSERT INTO "schema_migrations" ("version") VALUES (?)[0m  [["version", "20200206130028"]]
  ↳ bin/rails:9
  [1m[35m (23.5ms)[0m  [1m[36mcommit transaction[0m
  ↳ bin/rails:9
Migrating to CreateCities (20200206130911)
  [1m[35m (0.1ms)[0m  [1m[36mbegin transaction[0m
  ↳ bin/rails:9
  [1m[35m (193.1ms)[0m  [1m[35mCREATE TABLE "cities" ("id" integer PRIMARY KEY AUTOINCREMENT NOT NULL, "name" varchar, "created_at" datetime NOT NULL, "updated_at" datetime NOT NULL)[0m
  ↳ db/migrate/20200206130911_create_cities.rb:3
  [1m[36mActiveRecord::SchemaMigration Create (0.2ms)[0m  [1m[32mINSERT INTO "schema_migrations" ("version") VALUES (?)[0m  [["version", "20200206130911"]]
  ↳ bin/rails:9
  [1m[35m (17.0ms)[0m  [1m[36mcommit transaction[0m
  ↳ bin/rails:9
  [1m[36mActiveRecord::InternalMetadata Load (0.4ms)[0m  [1m[34mSELECT  "ar_internal_metadata".* FROM "ar_internal_metadata" WHERE "ar_internal_metadata"."key" = ? LIMIT ?[0m  [["key", "environment"], ["LIMIT", 1]]
  ↳ bin/rails:9
  [1m[35m (0.0ms)[0m  [1m[36mbegin transaction[0m
  ↳ bin/rails:9
  [1m[36mActiveRecord::InternalMetadata Create (1.7ms)[0m  [1m[32mINSERT INTO "ar_internal_metadata" ("key", "value", "created_at", "updated_at") VALUES (?, ?, ?, ?)[0m  [["key", "environment"], ["value", "development"], ["created_at", "2020-02-06 16:40:14.561733"], ["updated_at", "2020-02-06 16:40:14.561733"]]
  ↳ bin/rails:9
  [1m[35m (27.8ms)[0m  [1m[36mcommit transaction[0m
  ↳ bin/rails:9
  [1m[35m (0.2ms)[0m  [1m[34mSELECT "schema_migrations"."version" FROM "schema_migrations" ORDER BY "schema_migrations"."version" ASC[0m
  ↳ bin/rails:9
  [1m[35m (0.3ms)[0m  [1m[34mSELECT "schema_migrations"."version" FROM "schema_migrations" ORDER BY "schema_migrations"."version" ASC[0m
  ↳ bin/rails:9
  [1m[36mDog Load (0.3ms)[0m  [1m[34mSELECT "dogs".* FROM "dogs"[0m
  ↳ db/seeds.rb:8
  [1m[36mDogsitter Load (0.3ms)[0m  [1m[34mSELECT "dogsitters".* FROM "dogsitters"[0m
  ↳ db/seeds.rb:9
  [1m[36mStroll Load (0.2ms)[0m  [1m[34mSELECT "strolls".* FROM "strolls"[0m
  ↳ db/seeds.rb:10
  [1m[36mCity Load (0.3ms)[0m  [1m[34mSELECT "cities".* FROM "cities"[0m
  ↳ db/seeds.rb:11
  [1m[35m (0.0ms)[0m  [1m[36mbegin transaction[0m
  ↳ db/seeds.rb:13
  [1m[36mCity Create (196.0ms)[0m  [1m[32mINSERT INTO "cities" ("name", "created_at", "updated_at") VALUES (?, ?, ?)[0m  [["name", "Nantes"], ["created_at", "2020-02-06 16:40:19.610620"], ["updated_at", "2020-02-06 16:40:19.610620"]]
  ↳ db/seeds.rb:13
  [1m[35m (13.5ms)[0m  [1m[36mcommit transaction[0m
  ↳ db/seeds.rb:13
  [1m[36mCity Load (0.4ms)[0m  [1m[34mSELECT  "cities".* FROM "cities" ORDER BY "cities"."id" ASC LIMIT ?[0m  [["LIMIT", 1]]
  ↳ db/seeds.rb:15
  [1m[35m (0.1ms)[0m  [1m[36mbegin transaction[0m
  ↳ db/seeds.rb:15
  [1m[36mDog Create (99.7ms)[0m  [1m[32mINSERT INTO "dogs" ("name", "city_id", "created_at", "updated_at") VALUES (?, ?, ?, ?)[0m  [["name", "Rex"], ["city_id", 1], ["created_at", "2020-02-06 16:40:19.832238"], ["updated_at", "2020-02-06 16:40:19.832238"]]
  ↳ db/seeds.rb:15
  [1m[35m (12.1ms)[0m  [1m[36mcommit transaction[0m
  ↳ db/seeds.rb:15
  [1m[36mCity Load (0.2ms)[0m  [1m[34mSELECT  "cities".* FROM "cities" ORDER BY "cities"."id" ASC LIMIT ?[0m  [["LIMIT", 1]]
  ↳ db/seeds.rb:17
  [1m[35m (0.1ms)[0m  [1m[36mbegin transaction[0m
  ↳ db/seeds.rb:17
  [1m[36mDogsitter Create (1.7ms)[0m  [1m[32mINSERT INTO "dogsitters" ("first_name", "last_name", "city_id", "created_at", "updated_at") VALUES (?, ?, ?, ?, ?)[0m  [["first_name", "Jean-Michel"], ["last_name", "Promeneur"], ["city_id", 1], ["created_at", "2020-02-06 16:40:19.951499"], ["updated_at", "2020-02-06 16:40:19.951499"]]
  ↳ db/seeds.rb:17
  [1m[35m (72.6ms)[0m  [1m[36mcommit transaction[0m
  ↳ db/seeds.rb:17
  [1m[36mDogsitter Load (0.3ms)[0m  [1m[34mSELECT  "dogsitters".* FROM "dogsitters" ORDER BY "dogsitters"."id" ASC LIMIT ?[0m  [["LIMIT", 1]]
  ↳ db/seeds.rb:19
  [1m[36mDog Load (0.3ms)[0m  [1m[34mSELECT  "dogs".* FROM "dogs" ORDER BY "dogs"."id" ASC LIMIT ?[0m  [["LIMIT", 1]]
  ↳ db/seeds.rb:19
  [1m[35m (0.0ms)[0m  [1m[36mbegin transaction[0m
  ↳ db/seeds.rb:19
  [1m[36mDogsitter Load (0.3ms)[0m  [1m[34mSELECT  "dogsitters".* FROM "dogsitters" WHERE "dogsitters"."id" = ? LIMIT ?[0m  [["id", 1], ["LIMIT", 1]]
  ↳ db/seeds.rb:19
  [1m[36mDog Load (0.1ms)[0m  [1m[34mSELECT  "dogs".* FROM "dogs" WHERE "dogs"."id" = ? LIMIT ?[0m  [["id", 1], ["LIMIT", 1]]
  ↳ db/seeds.rb:19
  [1m[36mStroll Create (1.6ms)[0m  [1m[32mINSERT INTO "strolls" ("dogsitter_id", "dog_id", "created_at", "updated_at") VALUES (?, ?, ?, ?)[0m  [["dogsitter_id", 1], ["dog_id", 1], ["created_at", "2020-02-06 16:40:20.052138"], ["updated_at", "2020-02-06 16:40:20.052138"]]
  ↳ db/seeds.rb:19
  [1m[35m (12.6ms)[0m  [1m[36mcommit transaction[0m
  ↳ db/seeds.rb:19
  [1m[35m (0.3ms)[0m  [1m[34mSELECT "schema_migrations"."version" FROM "schema_migrations" ORDER BY "schema_migrations"."version" ASC[0m
  ↳ bin/rails:9
  [1m[36mDog Load (0.3ms)[0m  [1m[34mSELECT "dogs".* FROM "dogs"[0m
  ↳ db/seeds.rb:8
  [1m[35m (0.0ms)[0m  [1m[36mbegin transaction[0m
  ↳ db/seeds.rb:8
  [1m[36mDog Destroy (1.8ms)[0m  [1m[31mDELETE FROM "dogs" WHERE "dogs"."id" = ?[0m  [["id", 1]]
  ↳ db/seeds.rb:8
  [1m[35m (12.2ms)[0m  [1m[36mcommit transaction[0m
  ↳ db/seeds.rb:8
  [1m[36mDogsitter Load (0.3ms)[0m  [1m[34mSELECT "dogsitters".* FROM "dogsitters"[0m
  ↳ db/seeds.rb:9
  [1m[35m (0.0ms)[0m  [1m[36mbegin transaction[0m
  ↳ db/seeds.rb:9
  [1m[36mDogsitter Destroy (68.4ms)[0m  [1m[31mDELETE FROM "dogsitters" WHERE "dogsitters"."id" = ?[0m  [["id", 1]]
  ↳ db/seeds.rb:9
  [1m[35m (11.1ms)[0m  [1m[36mcommit transaction[0m
  ↳ db/seeds.rb:9
  [1m[36mStroll Load (0.3ms)[0m  [1m[34mSELECT "strolls".* FROM "strolls"[0m
  ↳ db/seeds.rb:10
  [1m[35m (0.0ms)[0m  [1m[36mbegin transaction[0m
  ↳ db/seeds.rb:10
  [1m[36mStroll Destroy (1.7ms)[0m  [1m[31mDELETE FROM "strolls" WHERE "strolls"."id" = ?[0m  [["id", 1]]
  ↳ db/seeds.rb:10
  [1m[35m (18.5ms)[0m  [1m[36mcommit transaction[0m
  ↳ db/seeds.rb:10
  [1m[36mCity Load (0.3ms)[0m  [1m[34mSELECT "cities".* FROM "cities"[0m
  ↳ db/seeds.rb:11
  [1m[35m (0.0ms)[0m  [1m[36mbegin transaction[0m
  ↳ db/seeds.rb:11
  [1m[36mCity Destroy (1.7ms)[0m  [1m[31mDELETE FROM "cities" WHERE "cities"."id" = ?[0m  [["id", 1]]
  ↳ db/seeds.rb:11
  [1m[35m (10.6ms)[0m  [1m[36mcommit transaction[0m
  ↳ db/seeds.rb:11
  [1m[35m (0.0ms)[0m  [1m[36mbegin transaction[0m
  ↳ db/seeds.rb:13
  [1m[36mCity Create (1.9ms)[0m  [1m[32mINSERT INTO "cities" ("name", "created_at", "updated_at") VALUES (?, ?, ?)[0m  [["name", "Agen"], ["created_at", "2020-02-06 16:40:32.909934"], ["updated_at", "2020-02-06 16:40:32.909934"]]
  ↳ db/seeds.rb:13
  [1m[35m (11.0ms)[0m  [1m[36mcommit transaction[0m
  ↳ db/seeds.rb:13
  [1m[36mCity Load (0.3ms)[0m  [1m[34mSELECT  "cities".* FROM "cities" ORDER BY "cities"."id" ASC LIMIT ?[0m  [["LIMIT", 1]]
  ↳ db/seeds.rb:15
  [1m[35m (0.0ms)[0m  [1m[36mbegin transaction[0m
  ↳ db/seeds.rb:15
  [1m[36mDog Create (2.0ms)[0m  [1m[32mINSERT INTO "dogs" ("name", "city_id", "created_at", "updated_at") VALUES (?, ?, ?, ?)[0m  [["name", "Naika"], ["city_id", 2], ["created_at", "2020-02-06 16:40:32.925405"], ["updated_at", "2020-02-06 16:40:32.925405"]]
  ↳ db/seeds.rb:15
  [1m[35m (11.6ms)[0m  [1m[36mcommit transaction[0m
  ↳ db/seeds.rb:15
  [1m[36mCity Load (0.2ms)[0m  [1m[34mSELECT  "cities".* FROM "cities" ORDER BY "cities"."id" ASC LIMIT ?[0m  [["LIMIT", 1]]
  ↳ db/seeds.rb:17
  [1m[35m (0.0ms)[0m  [1m[36mbegin transaction[0m
  ↳ db/seeds.rb:17
  [1m[36mDogsitter Create (2.2ms)[0m  [1m[32mINSERT INTO "dogsitters" ("first_name", "last_name", "city_id", "created_at", "updated_at") VALUES (?, ?, ?, ?, ?)[0m  [["first_name", "Jean"], ["last_name", "Valjean"], ["city_id", 2], ["created_at", "2020-02-06 16:40:32.943314"], ["updated_at", "2020-02-06 16:40:32.943314"]]
  ↳ db/seeds.rb:17
  [1m[35m (11.8ms)[0m  [1m[36mcommit transaction[0m
  ↳ db/seeds.rb:17
  [1m[36mDogsitter Load (0.3ms)[0m  [1m[34mSELECT  "dogsitters".* FROM "dogsitters" ORDER BY "dogsitters"."id" ASC LIMIT ?[0m  [["LIMIT", 1]]
  ↳ db/seeds.rb:19
  [1m[36mDog Load (0.2ms)[0m  [1m[34mSELECT  "dogs".* FROM "dogs" ORDER BY "dogs"."id" ASC LIMIT ?[0m  [["LIMIT", 1]]
  ↳ db/seeds.rb:19
  [1m[35m (0.0ms)[0m  [1m[36mbegin transaction[0m
  ↳ db/seeds.rb:19
  [1m[36mDogsitter Load (0.3ms)[0m  [1m[34mSELECT  "dogsitters".* FROM "dogsitters" WHERE "dogsitters"."id" = ? LIMIT ?[0m  [["id", 2], ["LIMIT", 1]]
  ↳ db/seeds.rb:19
  [1m[36mDog Load (0.1ms)[0m  [1m[34mSELECT  "dogs".* FROM "dogs" WHERE "dogs"."id" = ? LIMIT ?[0m  [["id", 2], ["LIMIT", 1]]
  ↳ db/seeds.rb:19
  [1m[36mStroll Create (3.2ms)[0m  [1m[32mINSERT INTO "strolls" ("dogsitter_id", "dog_id", "created_at", "updated_at") VALUES (?, ?, ?, ?)[0m  [["dogsitter_id", 2], ["dog_id", 2], ["created_at", "2020-02-06 16:40:32.982561"], ["updated_at", "2020-02-06 16:40:32.982561"]]
  ↳ db/seeds.rb:19
  [1m[35m (13.1ms)[0m  [1m[36mcommit transaction[0m
  ↳ db/seeds.rb:19
